<?xml version="1.0" encoding="UTF-8"?>
<testsuite xmlns:xsi="http://www.w3.org/2001/XMLSchema-instance" xsi:noNamespaceSchemaLocation="https://maven.apache.org/surefire/maven-surefire-plugin/xsd/surefire-test-report.xsd" name="org.VMT.runners.SignupRunner" time="53.991" tests="3" errors="0" skipped="0" failures="2">
  <properties>
[...]
</properties>
  <testcase name="Signup Successfully #1" classname="Signup fill" time="23.908">
    <failure message="Signup failed&#10;Expected: a string containing &quot;confirmation&quot;&#10;     but: was &quot;&quot;" type="java.lang.AssertionError">java.lang.AssertionError: 
Signup failed
Expected: a string containing "confirmation"
     but: was ""
</failure>
    <system-err><![CDATA[SLF4J: Failed to load class "org.slf4j.impl.StaticLoggerBinder".
SLF4J: Defaulting to no-operation (NOP) logger implementation
SLF4J: See http://www.slf4j.org/codes.html#StaticLoggerBinder for further details.
1649153577010	geckodriver	INFO	Listening on 127.0.0.1:61496
1649153577733	mozrunner::runner	INFO	Running command: "/Applications/Firefox.app/Contents/MacOS/firefox-bin" "--marionette" "--remote-debugging-port" "64224" "-foreground" "-no-remote" "-profile" "/var/folders/12/3xdc72410x54tl3r8c38c0zc0000gq/T/rust_mozprofile17PZgu"
1649153579430	Marionette	INFO	Marionette enabled
console.warn: SearchSettings: "get: No settings file exists, new profile?" (new NotFoundError("Could not open the file at /var/folders/12/3xdc72410x54tl3r8c38c0zc0000gq/T/rust_mozprofile17PZgu/search.json.mozlz4", (void 0)))
console.error: BackgroundUpdate: 
  _reasonsToNotScheduleUpdates: Failed to check for Maintenance Service Registry Key: [Exception... "Component returned failure code: 0x80004001 (NS_ERROR_NOT_IMPLEMENTED) [nsIUpdateProcessor.getServiceRegKeyExists]"  nsresult: "0x80004001 (NS_ERROR_NOT_IMPLEMENTED)"  location: "JS frame :: resource://gre/modules/BackgroundUpdate.jsm :: _reasonsToNotScheduleUpdates :: line 241"  data: no]
DevTools listening on ws://localhost:64224/devtools/browser/9b0333eb-a94a-40cc-af73-b77041680bca
1649153585983	Marionette	INFO	Listening on port 56282
1649153586090	RemoteAgent	WARN	TLS certificate errors will be ignored for this session
Apr 05, 2022 1:13:06 PM org.openqa.selenium.remote.ProtocolHandshake createSession
INFO: Detected dialect: W3C
console.warn: LoginRecipes: "getRecipes: falling back to a synchronous message for:" "https://meet.voicemailtel.com"
1649153598287	Marionette	INFO	Stopped listening on port 56282

###!!! [Parent][PImageBridgeParent] Error: RunMessage(msgname=PImageBridge::Msg_WillClose) Channel closing: too late to send/recv, messages will be lost

]]></system-err>
  </testcase>
  <testcase name="Signup Successfully #2" classname="Signup fill" time="14.577">
    <failure message="Signup failed&#10;Expected: a string containing &quot;confirmation&quot;&#10;     but: was &quot;&quot;" type="java.lang.AssertionError">java.lang.AssertionError: 
Signup failed
Expected: a string containing "confirmation"
     but: was ""
</failure>
    <system-err><![CDATA[1649153599355	geckodriver	INFO	Listening on 127.0.0.1:49277
1649153599425	mozrunner::runner	INFO	Running command: "/Applications/Firefox.app/Contents/MacOS/firefox-bin" "--marionette" "--remote-debugging-port" "60840" "-foreground" "-no-remote" "-profile" "/var/folders/12/3xdc72410x54tl3r8c38c0zc0000gq/T/rust_mozprofileudE6N3"
1649153600305	Marionette	INFO	Marionette enabled
console.warn: SearchSettings: "get: No settings file exists, new profile?" (new NotFoundError("Could not open the file at /var/folders/12/3xdc72410x54tl3r8c38c0zc0000gq/T/rust_mozprofileudE6N3/search.json.mozlz4", (void 0)))
console.error: BackgroundUpdate: 
  _reasonsToNotScheduleUpdates: Failed to check for Maintenance Service Registry Key: [Exception... "Component returned failure code: 0x80004001 (NS_ERROR_NOT_IMPLEMENTED) [nsIUpdateProcessor.getServiceRegKeyExists]"  nsresult: "0x80004001 (NS_ERROR_NOT_IMPLEMENTED)"  location: "JS frame :: resource://gre/modules/BackgroundUpdate.jsm :: _reasonsToNotScheduleUpdates :: line 241"  data: no]
DevTools listening on ws://localhost:60840/devtools/browser/3ca83e95-c291-47a0-9f46-cfd7b446a824
1649153602473	Marionette	INFO	Listening on port 56556
1649153602594	RemoteAgent	WARN	TLS certificate errors will be ignored for this session
Apr 05, 2022 1:13:22 PM org.openqa.selenium.remote.ProtocolHandshake createSession
INFO: Detected dialect: W3C
console.warn: LoginRecipes: "getRecipes: falling back to a synchronous message for:" "https://meet.voicemailtel.com"
1649153612978	Marionette	INFO	Stopped listening on port 56556

###!!! [Parent][PImageBridgeParent] Error: RunMessage(msgname=PImageBridge::Msg_WillClose) Channel closing: too late to send/recv, messages will be lost

]]></system-err>
  </testcase>
  <testcase name="Signup Successfully #3" classname="Signup fill" time="14.21"/>
</testsuite>