<?xml version="1.0" encoding="UTF-8"?>
<testsuite xmlns:xsi="http://www.w3.org/2001/XMLSchema-instance" xsi:noNamespaceSchemaLocation="https://maven.apache.org/surefire/maven-surefire-plugin/xsd/surefire-test-report.xsd" name="org.VMT.runners.SignupRunner" time="161.765" tests="11" errors="1" skipped="0" failures="1">
  <properties>
[...]
</properties>
  <testcase name="VMT-W--01 - Landing page - right side - SignUp" classname="Signup" time="18.328"/>
  <testcase name="VMT-W--05 - Terms and Conditions" classname="Signup" time="12.547"/>
  <testcase name="VMT-W--06- Sign In - Wrong Email #1" classname="Signup" time="11.312"/>
  <testcase name="VMT-W--06- Sign In - Wrong Email #2" classname="Signup" time="10.112"/>
  <testcase name="VMT-W--06- Sign In - Wrong Email #3" classname="Signup" time="14.216"/>
  <testcase name="VMT-W--06- Sign In - Wrong Email #4" classname="Signup" time="12.032"/>
  <testcase name="VMT-W--06- Sign In - Wrong Email #5" classname="Signup" time="12.281"/>
  <testcase name="VMT-W--06- Sign In - Wrong Email #6" classname="Signup" time="11.297"/>
  <testcase name="VMT-W--06- Sign In - Wrong Email #7" classname="Signup" time="12.062"/>
  <testcase name="VMT-W--08 - Sign In - Forgot Password &amp; VMT-W--09 - Sign In - Reset Password" classname="Signup" time="31.813">
    <error message="Element &lt;tr id=&quot;:1t&quot; class=&quot;zA zE&quot;&gt; could not be scrolled into view&#10;Build info: version: &apos;4.1.2&apos;, revision: &apos;9a5a329c5a&apos;&#10;System info: host: &apos;WIN-P4TA5P5F8U0&apos;, ip: &apos;10.10.10.242&apos;, os.name: &apos;Windows Server 2012 R2&apos;, os.arch: &apos;amd64&apos;, os.version: &apos;6.3&apos;, java.version: &apos;1.8.0_321&apos;&#10;Driver info: org.openqa.selenium.firefox.FirefoxDriver&#10;Command: [bb5ef16e-72d0-4c4f-b216-ec8c63798544, clickElement {id=50581cef-3ca6-43d2-8ac8-01d763cb65bc}]&#10;Capabilities {acceptInsecureCerts: true, browserName: firefox, browserVersion: 99.0, javascriptEnabled: true, moz:accessibilityChecks: false, moz:buildID: 20220330194208, moz:debuggerAddress: localhost:51280, moz:geckodriverVersion: 0.30.0, moz:headless: false, moz:processID: 2304, moz:profile: C:\Users\RAZVAN~1.FRA\AppDa..., moz:shutdownTimeout: 60000, moz:useNonSpecCompliantPointerOrigin: false, moz:webdriverClick: true, pageLoadStrategy: normal, platform: WINDOWS, platformName: WINDOWS, platformVersion: 6.3, proxy: Proxy(), se:cdp: ws://localhost:51280/devtoo..., se:cdpVersion: 85.0, setWindowRect: true, strictFileInteractability: false, timeouts: {implicit: 0, pageLoad: 300000, script: 30000}, unhandledPromptBehavior: dismiss and notify}&#10;Element: [[FirefoxDriver: firefox on WINDOWS (bb5ef16e-72d0-4c4f-b216-ec8c63798544)] -&gt; xpath: //tbody/tr[1][contains(@class, &apos;zA zE&apos;)]]&#10;Session ID: bb5ef16e-72d0-4c4f-b216-ec8c63798544" type="org.openqa.selenium.ElementNotInteractableException"><![CDATA[org.openqa.selenium.ElementNotInteractableException: 
Element <tr id=":1t" class="zA zE"> could not be scrolled into view
Build info: version: '4.1.2', revision: '9a5a329c5a'
System info: host: 'WIN-P4TA5P5F8U0', ip: '10.10.10.242', os.name: 'Windows Server 2012 R2', os.arch: 'amd64', os.version: '6.3', java.version: '1.8.0_321'
Driver info: org.openqa.selenium.firefox.FirefoxDriver
Command: [bb5ef16e-72d0-4c4f-b216-ec8c63798544, clickElement {id=50581cef-3ca6-43d2-8ac8-01d763cb65bc}]
Capabilities {acceptInsecureCerts: true, browserName: firefox, browserVersion: 99.0, javascriptEnabled: true, moz:accessibilityChecks: false, moz:buildID: 20220330194208, moz:debuggerAddress: localhost:51280, moz:geckodriverVersion: 0.30.0, moz:headless: false, moz:processID: 2304, moz:profile: C:\Users\RAZVAN~1.FRA\AppDa..., moz:shutdownTimeout: 60000, moz:useNonSpecCompliantPointerOrigin: false, moz:webdriverClick: true, pageLoadStrategy: normal, platform: WINDOWS, platformName: WINDOWS, platformVersion: 6.3, proxy: Proxy(), se:cdp: ws://localhost:51280/devtoo..., se:cdpVersion: 85.0, setWindowRect: true, strictFileInteractability: false, timeouts: {implicit: 0, pageLoad: 300000, script: 30000}, unhandledPromptBehavior: dismiss and notify}
Element: [[FirefoxDriver: firefox on WINDOWS (bb5ef16e-72d0-4c4f-b216-ec8c63798544)] -> xpath: //tbody/tr[1][contains(@class, 'zA zE')]]
Session ID: bb5ef16e-72d0-4c4f-b216-ec8c63798544
]]></error>
    <system-err><![CDATA[1650445366620	geckodriver	INFO	Listening on 127.0.0.1:63820
1650445367130	mozrunner::runner	INFO	Running command: "C:\\Program Files (x86)\\Mozilla Firefox\\firefox.exe" "--marionette" "--remote-debugging-port" "51280" "-no-remote" "-profile" "C:\\Users\\RAZVAN~1.FRA\\AppData\\Local\\Temp\\2\\rust_mozprofilehx8QSz"
1650445367605	Marionette	INFO	Marionette enabled
console.warn: SearchSettings: "get: No settings file exists, new profile?" (new NotFoundError("Could not open the file at C:\\Users\\RAZVAN~1.FRA\\AppData\\Local\\Temp\\2\\rust_mozprofilehx8QSz\\search.json.mozlz4", (void 0)))
DevTools listening on ws://localhost:51280/devtools/browser/ebaef394-e3b4-460e-85a7-fdd318b32c3b
1650445370033	Marionette	INFO	Listening on port 57549
1650445370375	RemoteAgent	WARN	TLS certificate errors will be ignored for this session
Apr 20, 2022 5:02:50 AM org.openqa.selenium.remote.ProtocolHandshake createSession
INFO: Detected dialect: W3C
console.warn: LoginRecipes: "getRecipes: falling back to a synchronous message for:" "https://meet.voicemailtel.com"
console.warn: LoginRecipes: "getRecipes: falling back to a synchronous message for:" "https://meet.voicemailtel.com"
console.warn: LoginRecipes: "getRecipes: falling back to a synchronous message for:" "https://meet.voicemailtel.com"
console.warn: LoginRecipes: "getRecipes: falling back to a synchronous message for:" "https://meet.voicemailtel.com"
console.warn: LoginRecipes: "getRecipes: falling back to a synchronous message for:" "https://meet.voicemailtel.com"
console.warn: LoginRecipes: "getRecipes: falling back to a synchronous message for:" "https://meet.voicemailtel.com"
console.warn: LoginRecipes: "getRecipes: falling back to a synchronous message for:" "https://meet.voicemailtel.com"
console.warn: LoginRecipes: "getRecipes: falling back to a synchronous message for:" "https://accounts.google.com"
console.warn: LoginRecipes: "getRecipes: falling back to a synchronous message for:" "https://accounts.google.com"
JavaScript warning: https://accounts.google.com/ServiceLogin?continue=https%3A%2F%2Fmail.google.com%2Fmail%2F&service=mail&sacu=1&rip=1&flowName=GlifWebSignIn&flowEntry=ServiceLogin line 1 > eval line 3780 > eval line 1 > eval line 1 > eval, line 1: WEBGL_debug_renderer_info is deprecated in Firefox and will be removed. Please use RENDERER.
console.warn: LoginRecipes: "getRecipes: falling back to a synchronous message for:" "https://accounts.google.com"
JavaScript warning: https://accounts.google.com/ServiceLogin?continue=https%3A%2F%2Fmail.google.com%2Fmail%2F&service=mail&sacu=1&rip=1&flowName=GlifWebSignIn&flowEntry=ServiceLogin line 1 > eval line 3945 > eval line 1 > eval line 1 > eval, line 1: WEBGL_debug_renderer_info is deprecated in Firefox and will be removed. Please use RENDERER.
console.warn: LoginRecipes: "getRecipes: falling back to a synchronous message for:" "https://accounts.google.com"
console.warn: LoginRecipes: "getRecipes: falling back to a synchronous message for:" "https://accounts.google.com"
JavaScript error: resource://gre/modules/LoginManagerParent.jsm, line 136: TypeError: gRecipeManager is null
console.warn: LoginRecipes: "getRecipes: falling back to a synchronous message for:" "https://accounts.google.com"
JavaScript error: resource://gre/modules/LoginManagerParent.jsm, line 136: TypeError: gRecipeManager is null
console.warn: LoginRecipes: "getRecipes: falling back to a synchronous message for:" "https://mail.google.com"
JavaScript error: resource://gre/modules/LoginManagerParent.jsm, line 136: TypeError: gRecipeManager is null
JavaScript warning: https://www.google.com/js/bg/UUQTj9cPGsMVMqvEOxLdokHV79mACYo3jc0rpEwmHZs.js line 1 > eval line 3172 > eval line 1 > eval line 1 > eval, line 1: WEBGL_debug_renderer_info is deprecated in Firefox and will be removed. Please use RENDERER.
1650445396414	Marionette	INFO	Stopped listening on port 57549
[Parent 2304, IPC I/O Parent] WARNING: file /builds/worker/checkouts/gecko/ipc/chromium/src/base/process_util_win.cc:167

###!!! [Child][PContentChild] Error: RunMessage(msgname=PContent::Reply_DiscardBrowsingContext) Channel closing: too late to send/recv, messages will be lost


###!!! [Child][PContentChild] Error: RunMessage(msgname=PContent::Msg_DestroyBrowsingContextGroup) Channel closing: too late to send/recv, messages will be lost


###!!! [Child][PContentChild] Error: RunMessage(msgname=PContent::Reply_DiscardBrowsingContext) Channel closing: too late to send/recv, messages will be lost


###!!! [Child][PContentChild] Error: RunMessage(msgname=PContent::Reply_DiscardBrowsingContext) Channel closing: too late to send/recv, messages will be lost


###!!! [Child][PContentChild] Error: RunMessage(msgname=PContent::Reply_DiscardBrowsingContext) Channel closing: too late to send/recv, messages will be lost


###!!! [Child][PContentChild] Error: RunMessage(msgname=PContent::Msg_DestroyBrowsingContextGroup) Channel closing: too late to send/recv, messages will be lost


###!!! [Child][PContentChild] Error: RunMessage(msgname=PContent::Reply_DiscardBrowsingContext) Channel closing: too late to send/recv, messages will be lost

]]></system-err>
  </testcase>
  <testcase name="VMT-W--10 - Sign In - Forgot Password - not valid mail" classname="Signup" time="14.547">
    <failure message="Displayed error message is not the expected one&#10;Expected: is &quot;The email address you entered is not associated with an account. Please enter the e-mail address associated with your account or Sign up to create your account&quot;&#10;     but: was &quot;The e-mail address you entered is not associated with an account. Please enter the e-mail address associated with your account or Sign up to create your account.&quot;" type="java.lang.AssertionError">java.lang.AssertionError: 
Displayed error message is not the expected one
Expected: is "The email address you entered is not associated with an account. Please enter the e-mail address associated with your account or Sign up to create your account"
     but: was "The e-mail address you entered is not associated with an account. Please enter the e-mail address associated with your account or Sign up to create your account."
</failure>
    <system-err><![CDATA[1650445398467	geckodriver	INFO	Listening on 127.0.0.1:62855
1650445399044	mozrunner::runner	INFO	Running command: "C:\\Program Files (x86)\\Mozilla Firefox\\firefox.exe" "--marionette" "--remote-debugging-port" "61167" "-no-remote" "-profile" "C:\\Users\\RAZVAN~1.FRA\\AppData\\Local\\Temp\\2\\rust_mozprofileXNvBJM"
1650445399508	Marionette	INFO	Marionette enabled
console.warn: SearchSettings: "get: No settings file exists, new profile?" (new NotFoundError("Could not open the file at C:\\Users\\RAZVAN~1.FRA\\AppData\\Local\\Temp\\2\\rust_mozprofileXNvBJM\\search.json.mozlz4", (void 0)))
DevTools listening on ws://localhost:61167/devtools/browser/7f8820e7-e59d-4a2e-9017-4e3bb53041dc
1650445401958	Marionette	INFO	Listening on port 57658
1650445402331	RemoteAgent	WARN	TLS certificate errors will be ignored for this session
Apr 20, 2022 5:03:22 AM org.openqa.selenium.remote.ProtocolHandshake createSession
INFO: Detected dialect: W3C
console.warn: LoginRecipes: "getRecipes: falling back to a synchronous message for:" "https://meet.voicemailtel.com"
console.warn: LoginRecipes: "getRecipes: falling back to a synchronous message for:" "https://meet.voicemailtel.com"
console.warn: LoginRecipes: "getRecipes: falling back to a synchronous message for:" "https://meet.voicemailtel.com"
console.warn: LoginRecipes: "getRecipes: falling back to a synchronous message for:" "https://meet.voicemailtel.com"
console.warn: LoginRecipes: "getRecipes: falling back to a synchronous message for:" "https://meet.voicemailtel.com"
1650445411976	Marionette	INFO	Stopped listening on port 57658
]]></system-err>
  </testcase>
</testsuite>